2017-01-08 23:54:18.593 DEBUG 14144 --- [main] o.s.w.c.s.StandardServletEnvironment     : Adding [servletConfigInitParams] PropertySource with lowest search precedence
2017-01-08 23:54:18.600 DEBUG 14144 --- [main] o.s.w.c.s.StandardServletEnvironment     : Adding [servletContextInitParams] PropertySource with lowest search precedence
2017-01-08 23:54:18.600 DEBUG 14144 --- [main] o.s.w.c.s.StandardServletEnvironment     : Adding [systemProperties] PropertySource with lowest search precedence
2017-01-08 23:54:18.600 DEBUG 14144 --- [main] o.s.w.c.s.StandardServletEnvironment     : Adding [systemEnvironment] PropertySource with lowest search precedence
2017-01-08 23:54:18.601 DEBUG 14144 --- [main] o.s.w.c.s.StandardServletEnvironment     : Initialized StandardServletEnvironment with PropertySources [servletConfigInitParams,servletContextInitParams,systemProperties,systemEnvironment]
2017-01-08 23:54:18.637  INFO 14144 --- [main] com.tau.commstudy.Application            : Starting Application on h-PC with PID 14144 (C:\Users\gal\google\CommunityStudying\Server\target\classes started by gal in C:\Users\gal\google\CommunityStudying\Server)
2017-01-08 23:54:18.637  INFO 14144 --- [main] com.tau.commstudy.Application            : No active profile set, falling back to default profiles: default
2017-01-08 23:54:18.690  INFO 14144 --- [main] ationConfigEmbeddedWebApplicationContext : Refreshing org.springframework.boot.context.embedded.AnnotationConfigEmbeddedWebApplicationContext@329302: startup date [Sun Jan 08 23:54:18 IST 2017]; root of context hierarchy
2017-01-08 23:54:19.898 DEBUG 14144 --- [main] o.s.w.c.s.StandardServletEnvironment     : Adding [applicationConfig: [classpath:/application.properties]] PropertySource with search precedence immediately lower than [applicationConfigurationProperties]
2017-01-08 23:54:19.899 DEBUG 14144 --- [main] o.s.w.c.s.StandardServletEnvironment     : Removing [applicationConfigurationProperties] PropertySource
2017-01-08 23:54:19.899 DEBUG 14144 --- [main] o.s.w.c.s.StandardServletEnvironment     : Removing [defaultProperties] PropertySource
2017-01-08 23:54:19.984  INFO 14144 --- [main] trationDelegate$BeanPostProcessorChecker : Bean 'org.springframework.transaction.annotation.ProxyTransactionManagementConfiguration' of type [class org.springframework.transaction.annotation.ProxyTransactionManagementConfiguration$$EnhancerBySpringCGLIB$$e94cfd2] is not eligible for getting processed by all BeanPostProcessors (for example: not eligible for auto-proxying)
2017-01-08 23:54:20.467  INFO 14144 --- [main] s.b.c.e.t.TomcatEmbeddedServletContainer : Tomcat initialized with port(s): 8080 (http)
2017-01-08 23:54:20.480  INFO 14144 --- [main] o.apache.catalina.core.StandardService   : Starting service Tomcat
2017-01-08 23:54:20.481  INFO 14144 --- [main] org.apache.catalina.core.StandardEngine  : Starting Servlet Engine: Apache Tomcat/8.0.33
2017-01-08 23:54:20.585  INFO 14144 --- [localhost-startStop-1] o.a.c.c.C.[Tomcat].[localhost].[/]       : Initializing Spring embedded WebApplicationContext
2017-01-08 23:54:20.586 DEBUG 14144 --- [localhost-startStop-1] o.s.web.context.ContextLoader            : Published root WebApplicationContext as ServletContext attribute with name [org.springframework.web.context.WebApplicationContext.ROOT]
2017-01-08 23:54:20.586  INFO 14144 --- [localhost-startStop-1] o.s.web.context.ContextLoader            : Root WebApplicationContext: initialization completed in 1898 ms
2017-01-08 23:54:20.832 DEBUG 14144 --- [localhost-startStop-1] o.s.w.c.s.StandardServletEnvironment     : Adding [servletConfigInitParams] PropertySource with lowest search precedence
2017-01-08 23:54:20.833 DEBUG 14144 --- [localhost-startStop-1] o.s.w.c.s.StandardServletEnvironment     : Adding [servletContextInitParams] PropertySource with lowest search precedence
2017-01-08 23:54:20.834 DEBUG 14144 --- [localhost-startStop-1] o.s.w.c.s.StandardServletEnvironment     : Adding [systemProperties] PropertySource with lowest search precedence
2017-01-08 23:54:20.835 DEBUG 14144 --- [localhost-startStop-1] o.s.w.c.s.StandardServletEnvironment     : Adding [systemEnvironment] PropertySource with lowest search precedence
2017-01-08 23:54:20.835 DEBUG 14144 --- [localhost-startStop-1] o.s.w.c.s.StandardServletEnvironment     : Initialized StandardServletEnvironment with PropertySources [servletConfigInitParams,servletContextInitParams,systemProperties,systemEnvironment]
2017-01-08 23:54:20.846 DEBUG 14144 --- [localhost-startStop-1] o.s.w.c.s.StandardServletEnvironment     : Adding [servletConfigInitParams] PropertySource with lowest search precedence
2017-01-08 23:54:20.846 DEBUG 14144 --- [localhost-startStop-1] o.s.w.c.s.StandardServletEnvironment     : Adding [servletContextInitParams] PropertySource with lowest search precedence
2017-01-08 23:54:20.846 DEBUG 14144 --- [localhost-startStop-1] o.s.w.c.s.StandardServletEnvironment     : Adding [systemProperties] PropertySource with lowest search precedence
2017-01-08 23:54:20.846 DEBUG 14144 --- [localhost-startStop-1] o.s.w.c.s.StandardServletEnvironment     : Adding [systemEnvironment] PropertySource with lowest search precedence
2017-01-08 23:54:20.846 DEBUG 14144 --- [localhost-startStop-1] o.s.w.c.s.StandardServletEnvironment     : Initialized StandardServletEnvironment with PropertySources [servletConfigInitParams,servletContextInitParams,systemProperties,systemEnvironment]
2017-01-08 23:54:20.850 DEBUG 14144 --- [localhost-startStop-1] o.s.w.c.s.StandardServletEnvironment     : Adding [servletConfigInitParams] PropertySource with lowest search precedence
2017-01-08 23:54:20.851 DEBUG 14144 --- [localhost-startStop-1] o.s.w.c.s.StandardServletEnvironment     : Adding [servletContextInitParams] PropertySource with lowest search precedence
2017-01-08 23:54:20.851 DEBUG 14144 --- [localhost-startStop-1] o.s.w.c.s.StandardServletEnvironment     : Adding [systemProperties] PropertySource with lowest search precedence
2017-01-08 23:54:20.851 DEBUG 14144 --- [localhost-startStop-1] o.s.w.c.s.StandardServletEnvironment     : Adding [systemEnvironment] PropertySource with lowest search precedence
2017-01-08 23:54:20.851 DEBUG 14144 --- [localhost-startStop-1] o.s.w.c.s.StandardServletEnvironment     : Initialized StandardServletEnvironment with PropertySources [servletConfigInitParams,servletContextInitParams,systemProperties,systemEnvironment]
2017-01-08 23:54:20.862 DEBUG 14144 --- [localhost-startStop-1] o.s.w.c.s.StandardServletEnvironment     : Adding [servletConfigInitParams] PropertySource with lowest search precedence
2017-01-08 23:54:20.863 DEBUG 14144 --- [localhost-startStop-1] o.s.w.c.s.StandardServletEnvironment     : Adding [servletContextInitParams] PropertySource with lowest search precedence
2017-01-08 23:54:20.863 DEBUG 14144 --- [localhost-startStop-1] o.s.w.c.s.StandardServletEnvironment     : Adding [systemProperties] PropertySource with lowest search precedence
2017-01-08 23:54:20.863 DEBUG 14144 --- [localhost-startStop-1] o.s.w.c.s.StandardServletEnvironment     : Adding [systemEnvironment] PropertySource with lowest search precedence
2017-01-08 23:54:20.863 DEBUG 14144 --- [localhost-startStop-1] o.s.w.c.s.StandardServletEnvironment     : Initialized StandardServletEnvironment with PropertySources [servletConfigInitParams,servletContextInitParams,systemProperties,systemEnvironment]
2017-01-08 23:54:20.871  INFO 14144 --- [localhost-startStop-1] o.s.b.c.e.ServletRegistrationBean        : Mapping servlet: 'dispatcherServlet' to [/]
2017-01-08 23:54:20.874  INFO 14144 --- [localhost-startStop-1] o.s.b.c.embedded.FilterRegistrationBean  : Mapping filter: 'characterEncodingFilter' to: [/*]
2017-01-08 23:54:20.875  INFO 14144 --- [localhost-startStop-1] o.s.b.c.embedded.FilterRegistrationBean  : Mapping filter: 'hiddenHttpMethodFilter' to: [/*]
2017-01-08 23:54:20.875  INFO 14144 --- [localhost-startStop-1] o.s.b.c.embedded.FilterRegistrationBean  : Mapping filter: 'httpPutFormContentFilter' to: [/*]
2017-01-08 23:54:20.875  INFO 14144 --- [localhost-startStop-1] o.s.b.c.embedded.FilterRegistrationBean  : Mapping filter: 'requestContextFilter' to: [/*]
2017-01-08 23:54:20.898 DEBUG 14144 --- [main] o.s.w.c.s.StandardServletEnvironment     : Replacing [servletContextInitParams] PropertySource with [servletContextInitParams]
2017-01-08 23:54:21.084  INFO 14144 --- [main] j.LocalContainerEntityManagerFactoryBean : Building JPA container EntityManagerFactory for persistence unit 'default'
2017-01-08 23:54:23.599  INFO 14144 --- [main] s.w.s.m.m.a.RequestMappingHandlerAdapter : Looking for @ControllerAdvice: org.springframework.boot.context.embedded.AnnotationConfigEmbeddedWebApplicationContext@329302: startup date [Sun Jan 08 23:54:18 IST 2017]; root of context hierarchy
2017-01-08 23:54:23.662 DEBUG 14144 --- [main] s.w.s.m.m.a.RequestMappingHandlerMapping : Looking for request mappings in application context: org.springframework.boot.context.embedded.AnnotationConfigEmbeddedWebApplicationContext@329302: startup date [Sun Jan 08 23:54:18 IST 2017]; root of context hierarchy
2017-01-08 23:54:23.674 DEBUG 14144 --- [main] s.w.s.m.m.a.RequestMappingHandlerMapping : 8 request handler methods found on class com.tau.commstudy.controllers.CommentController: {public com.tau.commstudy.entities.Comment com.tau.commstudy.controllers.CommentController.add(com.tau.commstudy.beans.NewCommentBean,java.lang.String)={[/comment/add],methods=[POST]}, public boolean com.tau.commstudy.controllers.CommentController.delete(java.lang.Long) throws java.lang.Exception={[/comment/{id}],methods=[DELETE]}, public java.util.List com.tau.commstudy.controllers.CommentController.getAllByPostId(java.lang.Long) throws java.lang.Exception={[/comment/getByPost/{postId}],methods=[GET]}, public java.lang.Boolean com.tau.commstudy.controllers.CommentController.acceptComment(java.lang.Long,java.lang.String) throws java.lang.Exception={[/comment/accept/{id}],methods=[GET]}, public com.tau.commstudy.entities.Comment com.tau.commstudy.controllers.CommentController.updateCommentContent(java.lang.String,java.lang.Long,java.lang.String) throws java.lang.Exception={[/comment/update/{id}],methods=[PUT]}, public com.tau.commstudy.entities.Comment com.tau.commstudy.controllers.CommentController.getById(java.lang.Long) throws java.lang.Exception={[/comment/{id}],methods=[GET]}, public java.lang.String com.tau.commstudy.controllers.CommentController.like(long)={[/comment/like],methods=[GET]}, public java.lang.String com.tau.commstudy.controllers.CommentController.dislike(long)={[/comment/dislike],methods=[GET]}}
2017-01-08 23:54:23.674  INFO 14144 --- [main] s.w.s.m.m.a.RequestMappingHandlerMapping : Mapped "{[/comment/add],methods=[POST]}" onto public com.tau.commstudy.entities.Comment com.tau.commstudy.controllers.CommentController.add(com.tau.commstudy.beans.NewCommentBean,java.lang.String)
2017-01-08 23:54:23.676  INFO 14144 --- [main] s.w.s.m.m.a.RequestMappingHandlerMapping : Mapped "{[/comment/{id}],methods=[DELETE]}" onto public boolean com.tau.commstudy.controllers.CommentController.delete(java.lang.Long) throws java.lang.Exception
2017-01-08 23:54:23.677  INFO 14144 --- [main] s.w.s.m.m.a.RequestMappingHandlerMapping : Mapped "{[/comment/getByPost/{postId}],methods=[GET]}" onto public java.util.List<com.tau.commstudy.entities.Comment> com.tau.commstudy.controllers.CommentController.getAllByPostId(java.lang.Long) throws java.lang.Exception
2017-01-08 23:54:23.677  INFO 14144 --- [main] s.w.s.m.m.a.RequestMappingHandlerMapping : Mapped "{[/comment/accept/{id}],methods=[GET]}" onto public java.lang.Boolean com.tau.commstudy.controllers.CommentController.acceptComment(java.lang.Long,java.lang.String) throws java.lang.Exception
2017-01-08 23:54:23.677  INFO 14144 --- [main] s.w.s.m.m.a.RequestMappingHandlerMapping : Mapped "{[/comment/update/{id}],methods=[PUT]}" onto public com.tau.commstudy.entities.Comment com.tau.commstudy.controllers.CommentController.updateCommentContent(java.lang.String,java.lang.Long,java.lang.String) throws java.lang.Exception
2017-01-08 23:54:23.677  INFO 14144 --- [main] s.w.s.m.m.a.RequestMappingHandlerMapping : Mapped "{[/comment/{id}],methods=[GET]}" onto public com.tau.commstudy.entities.Comment com.tau.commstudy.controllers.CommentController.getById(java.lang.Long) throws java.lang.Exception
2017-01-08 23:54:23.678  INFO 14144 --- [main] s.w.s.m.m.a.RequestMappingHandlerMapping : Mapped "{[/comment/like],methods=[GET]}" onto public java.lang.String com.tau.commstudy.controllers.CommentController.like(long)
2017-01-08 23:54:23.678  INFO 14144 --- [main] s.w.s.m.m.a.RequestMappingHandlerMapping : Mapped "{[/comment/dislike],methods=[GET]}" onto public java.lang.String com.tau.commstudy.controllers.CommentController.dislike(long)
2017-01-08 23:54:23.679 DEBUG 14144 --- [main] s.w.s.m.m.a.RequestMappingHandlerMapping : 5 request handler methods found on class com.tau.commstudy.controllers.CourseController: {public com.tau.commstudy.entities.Course com.tau.commstudy.controllers.CourseController.add(com.tau.commstudy.entities.Course) throws java.lang.Exception={[/course/add],methods=[POST]}, public com.tau.commstudy.entities.Course com.tau.commstudy.controllers.CourseController.get(java.lang.Long) throws java.lang.Exception={[/course/{id}],methods=[GET]}, public boolean com.tau.commstudy.controllers.CourseController.delete(java.lang.Long) throws java.lang.Exception={[/course/{id}],methods=[DELETE]}, public boolean com.tau.commstudy.controllers.CourseController.addFaculty(java.lang.Long,java.lang.Long) throws java.lang.Exception={[/course/addFaculty],methods=[GET]}, public com.tau.commstudy.beans.UserAllData com.tau.commstudy.controllers.CourseController.getUserAndAllData(java.lang.String,java.lang.Long) throws java.lang.Exception={[/course/getUserAllData],methods=[GET]}}
2017-01-08 23:54:23.679  INFO 14144 --- [main] s.w.s.m.m.a.RequestMappingHandlerMapping : Mapped "{[/course/add],methods=[POST]}" onto public com.tau.commstudy.entities.Course com.tau.commstudy.controllers.CourseController.add(com.tau.commstudy.entities.Course) throws java.lang.Exception
2017-01-08 23:54:23.679  INFO 14144 --- [main] s.w.s.m.m.a.RequestMappingHandlerMapping : Mapped "{[/course/{id}],methods=[GET]}" onto public com.tau.commstudy.entities.Course com.tau.commstudy.controllers.CourseController.get(java.lang.Long) throws java.lang.Exception
2017-01-08 23:54:23.680  INFO 14144 --- [main] s.w.s.m.m.a.RequestMappingHandlerMapping : Mapped "{[/course/{id}],methods=[DELETE]}" onto public boolean com.tau.commstudy.controllers.CourseController.delete(java.lang.Long) throws java.lang.Exception
2017-01-08 23:54:23.680  INFO 14144 --- [main] s.w.s.m.m.a.RequestMappingHandlerMapping : Mapped "{[/course/addFaculty],methods=[GET]}" onto public boolean com.tau.commstudy.controllers.CourseController.addFaculty(java.lang.Long,java.lang.Long) throws java.lang.Exception
2017-01-08 23:54:23.680  INFO 14144 --- [main] s.w.s.m.m.a.RequestMappingHandlerMapping : Mapped "{[/course/getUserAllData],methods=[GET]}" onto public com.tau.commstudy.beans.UserAllData<com.tau.commstudy.entities.Course> com.tau.commstudy.controllers.CourseController.getUserAndAllData(java.lang.String,java.lang.Long) throws java.lang.Exception
2017-01-08 23:54:23.681 DEBUG 14144 --- [main] s.w.s.m.m.a.RequestMappingHandlerMapping : 6 request handler methods found on class com.tau.commstudy.controllers.FacultyController: {public com.tau.commstudy.entities.Faculty com.tau.commstudy.controllers.FacultyController.add(com.tau.commstudy.entities.Faculty) throws java.lang.Exception={[/faculty/add],methods=[POST]}, public com.tau.commstudy.entities.Faculty com.tau.commstudy.controllers.FacultyController.get(java.lang.Long) throws java.lang.Exception={[/faculty/{id}],methods=[GET]}, public boolean com.tau.commstudy.controllers.FacultyController.delete(java.lang.Long) throws java.lang.Exception={[/faculty/{id}],methods=[DELETE]}, public boolean com.tau.commstudy.controllers.FacultyController.addUniversity(java.lang.Long,java.lang.Long) throws java.lang.Exception={[/faculty/addUniversity],methods=[GET]}, public boolean com.tau.commstudy.controllers.FacultyController.addCourse(java.lang.Long,java.lang.Long) throws java.lang.Exception={[/faculty/addCourse],methods=[GET]}, public com.tau.commstudy.beans.UserAllData com.tau.commstudy.controllers.FacultyController.getUserAndAllData(java.lang.String) throws java.lang.Exception={[/faculty/getUserAllData],methods=[GET]}}
2017-01-08 23:54:23.682  INFO 14144 --- [main] s.w.s.m.m.a.RequestMappingHandlerMapping : Mapped "{[/faculty/add],methods=[POST]}" onto public com.tau.commstudy.entities.Faculty com.tau.commstudy.controllers.FacultyController.add(com.tau.commstudy.entities.Faculty) throws java.lang.Exception
2017-01-08 23:54:23.682  INFO 14144 --- [main] s.w.s.m.m.a.RequestMappingHandlerMapping : Mapped "{[/faculty/{id}],methods=[GET]}" onto public com.tau.commstudy.entities.Faculty com.tau.commstudy.controllers.FacultyController.get(java.lang.Long) throws java.lang.Exception
2017-01-08 23:54:23.682  INFO 14144 --- [main] s.w.s.m.m.a.RequestMappingHandlerMapping : Mapped "{[/faculty/{id}],methods=[DELETE]}" onto public boolean com.tau.commstudy.controllers.FacultyController.delete(java.lang.Long) throws java.lang.Exception
2017-01-08 23:54:23.684  INFO 14144 --- [main] s.w.s.m.m.a.RequestMappingHandlerMapping : Mapped "{[/faculty/addUniversity],methods=[GET]}" onto public boolean com.tau.commstudy.controllers.FacultyController.addUniversity(java.lang.Long,java.lang.Long) throws java.lang.Exception
2017-01-08 23:54:23.684  INFO 14144 --- [main] s.w.s.m.m.a.RequestMappingHandlerMapping : Mapped "{[/faculty/addCourse],methods=[GET]}" onto public boolean com.tau.commstudy.controllers.FacultyController.addCourse(java.lang.Long,java.lang.Long) throws java.lang.Exception
2017-01-08 23:54:23.684  INFO 14144 --- [main] s.w.s.m.m.a.RequestMappingHandlerMapping : Mapped "{[/faculty/getUserAllData],methods=[GET]}" onto public com.tau.commstudy.beans.UserAllData<com.tau.commstudy.entities.Faculty> com.tau.commstudy.controllers.FacultyController.getUserAndAllData(java.lang.String) throws java.lang.Exception
2017-01-08 23:54:23.685 DEBUG 14144 --- [main] s.w.s.m.m.a.RequestMappingHandlerMapping : 1 request handler methods found on class com.tau.commstudy.controllers.FilesController: {public java.lang.String com.tau.commstudy.controllers.FilesController.uploadingPost(org.springframework.web.multipart.MultipartFile[]) throws java.io.IOException={[/files/upload],methods=[POST]}}
2017-01-08 23:54:23.685  INFO 14144 --- [main] s.w.s.m.m.a.RequestMappingHandlerMapping : Mapped "{[/files/upload],methods=[POST]}" onto public java.lang.String com.tau.commstudy.controllers.FilesController.uploadingPost(org.springframework.web.multipart.MultipartFile[]) throws java.io.IOException
2017-01-08 23:54:23.688 DEBUG 14144 --- [main] s.w.s.m.m.a.RequestMappingHandlerMapping : 13 request handler methods found on class com.tau.commstudy.controllers.PostController: {public boolean com.tau.commstudy.controllers.PostController.delete(java.lang.Long) throws java.lang.Exception={[/post/{id}],methods=[DELETE]}, public java.util.List com.tau.commstudy.controllers.PostController.search(com.tau.commstudy.beans.PostCriteria)={[/post/search],methods=[POST]}, public java.lang.Iterable com.tau.commstudy.controllers.PostController.getAll()={[/post/all],methods=[GET]}, public com.tau.commstudy.entities.Post com.tau.commstudy.controllers.PostController.updatePost(com.tau.commstudy.beans.UpdatePostBean,java.lang.Long,java.lang.String)={[/post/update/{id}],methods=[PUT]}, public java.lang.Iterable com.tau.commstudy.controllers.PostController.getByUser(java.lang.String) throws com.tau.commstudy.exceptions.UnauthorizesException={[/post/getByUser],methods=[GET]}, public java.util.List com.tau.commstudy.controllers.PostController.getByCourse(com.tau.commstudy.entities.Course)={[/post/getByCourse],methods=[GET]}, public java.lang.Iterable com.tau.commstudy.controllers.PostController.getByMoed(java.lang.Integer,java.lang.Character,java.lang.Character,com.tau.commstudy.entities.Course)={[/post/getByMoed],methods=[GET]}, public boolean com.tau.commstudy.controllers.PostController.checkByMoedK(java.lang.Integer,java.lang.Character,java.lang.Character,com.tau.commstudy.entities.Course)={[/post/checkByMoedK],methods=[GET]}, public boolean com.tau.commstudy.controllers.PostController.checkByMoed(com.tau.commstudy.beans.PostCriteria)={[/post/checkByMoed],methods=[GET]}, public com.tau.commstudy.entities.Post com.tau.commstudy.controllers.PostController.addNewPost(com.tau.commstudy.beans.NewPostBean,java.lang.String)={[/post/],methods=[POST]}, public boolean com.tau.commstudy.controllers.PostController.checkByQuestion(com.tau.commstudy.beans.PostCriteria)={[/post/checkByQuestion],methods=[POST]}, public com.tau.commstudy.entities.Post com.tau.commstudy.controllers.PostController.getById(java.lang.Long)={[/post/{id}],methods=[GET]}, public java.lang.String com.tau.commstudy.controllers.PostController.like(long)={[/post/like],methods=[POST]}}
2017-01-08 23:54:23.688  INFO 14144 --- [main] s.w.s.m.m.a.RequestMappingHandlerMapping : Mapped "{[/post/{id}],methods=[DELETE]}" onto public boolean com.tau.commstudy.controllers.PostController.delete(java.lang.Long) throws java.lang.Exception
2017-01-08 23:54:23.689  INFO 14144 --- [main] s.w.s.m.m.a.RequestMappingHandlerMapping : Mapped "{[/post/search],methods=[POST]}" onto public java.util.List<com.tau.commstudy.entities.Post> com.tau.commstudy.controllers.PostController.search(com.tau.commstudy.beans.PostCriteria)
2017-01-08 23:54:23.689  INFO 14144 --- [main] s.w.s.m.m.a.RequestMappingHandlerMapping : Mapped "{[/post/all],methods=[GET]}" onto public java.lang.Iterable<com.tau.commstudy.entities.Post> com.tau.commstudy.controllers.PostController.getAll()
2017-01-08 23:54:23.689  INFO 14144 --- [main] s.w.s.m.m.a.RequestMappingHandlerMapping : Mapped "{[/post/update/{id}],methods=[PUT]}" onto public com.tau.commstudy.entities.Post com.tau.commstudy.controllers.PostController.updatePost(com.tau.commstudy.beans.UpdatePostBean,java.lang.Long,java.lang.String)
2017-01-08 23:54:23.689  INFO 14144 --- [main] s.w.s.m.m.a.RequestMappingHandlerMapping : Mapped "{[/post/getByUser],methods=[GET]}" onto public java.lang.Iterable<com.tau.commstudy.entities.Post> com.tau.commstudy.controllers.PostController.getByUser(java.lang.String) throws com.tau.commstudy.exceptions.UnauthorizesException
2017-01-08 23:54:23.690  INFO 14144 --- [main] s.w.s.m.m.a.RequestMappingHandlerMapping : Mapped "{[/post/getByCourse],methods=[GET]}" onto public java.util.List<com.tau.commstudy.entities.Post> com.tau.commstudy.controllers.PostController.getByCourse(com.tau.commstudy.entities.Course)
2017-01-08 23:54:23.690  INFO 14144 --- [main] s.w.s.m.m.a.RequestMappingHandlerMapping : Mapped "{[/post/getByMoed],methods=[GET]}" onto public java.lang.Iterable<com.tau.commstudy.entities.Post> com.tau.commstudy.controllers.PostController.getByMoed(java.lang.Integer,java.lang.Character,java.lang.Character,com.tau.commstudy.entities.Course)
2017-01-08 23:54:23.690  INFO 14144 --- [main] s.w.s.m.m.a.RequestMappingHandlerMapping : Mapped "{[/post/checkByMoedK],methods=[GET]}" onto public boolean com.tau.commstudy.controllers.PostController.checkByMoedK(java.lang.Integer,java.lang.Character,java.lang.Character,com.tau.commstudy.entities.Course)
2017-01-08 23:54:23.690  INFO 14144 --- [main] s.w.s.m.m.a.RequestMappingHandlerMapping : Mapped "{[/post/checkByMoed],methods=[GET]}" onto public boolean com.tau.commstudy.controllers.PostController.checkByMoed(com.tau.commstudy.beans.PostCriteria)
2017-01-08 23:54:23.690  INFO 14144 --- [main] s.w.s.m.m.a.RequestMappingHandlerMapping : Mapped "{[/post/],methods=[POST]}" onto public com.tau.commstudy.entities.Post com.tau.commstudy.controllers.PostController.addNewPost(com.tau.commstudy.beans.NewPostBean,java.lang.String)
2017-01-08 23:54:23.691  INFO 14144 --- [main] s.w.s.m.m.a.RequestMappingHandlerMapping : Mapped "{[/post/checkByQuestion],methods=[POST]}" onto public boolean com.tau.commstudy.controllers.PostController.checkByQuestion(com.tau.commstudy.beans.PostCriteria)
2017-01-08 23:54:23.691  INFO 14144 --- [main] s.w.s.m.m.a.RequestMappingHandlerMapping : Mapped "{[/post/{id}],methods=[GET]}" onto public com.tau.commstudy.entities.Post com.tau.commstudy.controllers.PostController.getById(java.lang.Long)
2017-01-08 23:54:23.691  INFO 14144 --- [main] s.w.s.m.m.a.RequestMappingHandlerMapping : Mapped "{[/post/like],methods=[POST]}" onto public java.lang.String com.tau.commstudy.controllers.PostController.like(long)
2017-01-08 23:54:23.692 DEBUG 14144 --- [main] s.w.s.m.m.a.RequestMappingHandlerMapping : 2 request handler methods found on class com.tau.commstudy.controllers.TagsController: {public java.util.Set com.tau.commstudy.controllers.TagsController.getAllByCourseId(long) throws java.lang.Exception={[/tag/getAllByCourseId],methods=[GET]}, public com.tau.commstudy.entities.Tag com.tau.commstudy.controllers.TagsController.addNewTagToCourse(java.lang.Long,java.lang.String) throws java.lang.Exception={[/tag/addTagToCourse],methods=[GET]}}
2017-01-08 23:54:23.692  INFO 14144 --- [main] s.w.s.m.m.a.RequestMappingHandlerMapping : Mapped "{[/tag/getAllByCourseId],methods=[GET]}" onto public java.util.Set<com.tau.commstudy.entities.Tag> com.tau.commstudy.controllers.TagsController.getAllByCourseId(long) throws java.lang.Exception
2017-01-08 23:54:23.692  INFO 14144 --- [main] s.w.s.m.m.a.RequestMappingHandlerMapping : Mapped "{[/tag/addTagToCourse],methods=[GET]}" onto public com.tau.commstudy.entities.Tag com.tau.commstudy.controllers.TagsController.addNewTagToCourse(java.lang.Long,java.lang.String) throws java.lang.Exception
2017-01-08 23:54:23.693 DEBUG 14144 --- [main] s.w.s.m.m.a.RequestMappingHandlerMapping : 4 request handler methods found on class com.tau.commstudy.controllers.TestController: {public com.tau.commstudy.entities.Post com.tau.commstudy.controllers.TestController.show()={[/test/show],methods=[GET]}, public com.tau.commstudy.entities.Test com.tau.commstudy.controllers.TestController.getByMoed(java.lang.Long,java.lang.Integer,java.lang.Character,java.lang.Character)={[/test/getByMoed],methods=[GET]}, public com.tau.commstudy.entities.Comment com.tau.commstudy.controllers.TestController.showCom()={[/test/showComm],methods=[GET]}, public java.lang.String com.tau.commstudy.controllers.TestController.getHello(java.lang.String,java.lang.String)={[/test],methods=[GET]}}
2017-01-08 23:54:23.693  INFO 14144 --- [main] s.w.s.m.m.a.RequestMappingHandlerMapping : Mapped "{[/test/show],methods=[GET]}" onto public com.tau.commstudy.entities.Post com.tau.commstudy.controllers.TestController.show()
2017-01-08 23:54:23.693  INFO 14144 --- [main] s.w.s.m.m.a.RequestMappingHandlerMapping : Mapped "{[/test/getByMoed],methods=[GET]}" onto public com.tau.commstudy.entities.Test com.tau.commstudy.controllers.TestController.getByMoed(java.lang.Long,java.lang.Integer,java.lang.Character,java.lang.Character)
2017-01-08 23:54:23.693  INFO 14144 --- [main] s.w.s.m.m.a.RequestMappingHandlerMapping : Mapped "{[/test/showComm],methods=[GET]}" onto public com.tau.commstudy.entities.Comment com.tau.commstudy.controllers.TestController.showCom()
2017-01-08 23:54:23.694  INFO 14144 --- [main] s.w.s.m.m.a.RequestMappingHandlerMapping : Mapped "{[/test],methods=[GET]}" onto public java.lang.String com.tau.commstudy.controllers.TestController.getHello(java.lang.String,java.lang.String)
2017-01-08 23:54:23.694 DEBUG 14144 --- [main] s.w.s.m.m.a.RequestMappingHandlerMapping : 3 request handler methods found on class com.tau.commstudy.controllers.TestQuestionController: {public com.tau.commstudy.entities.TestQuestion com.tau.commstudy.controllers.TestQuestionController.get(long)={[/testQuestion/getById],methods=[GET]}, public java.lang.Iterable com.tau.commstudy.controllers.TestQuestionController.getAll()={[/testQuestion/all],methods=[GET]}, public java.lang.String com.tau.commstudy.controllers.TestQuestionController.saveByPost(com.tau.commstudy.entities.TestQuestion)={[/testQuestion/save],methods=[POST]}}
2017-01-08 23:54:23.694  INFO 14144 --- [main] s.w.s.m.m.a.RequestMappingHandlerMapping : Mapped "{[/testQuestion/getById],methods=[GET]}" onto public com.tau.commstudy.entities.TestQuestion com.tau.commstudy.controllers.TestQuestionController.get(long)
2017-01-08 23:54:23.695  INFO 14144 --- [main] s.w.s.m.m.a.RequestMappingHandlerMapping : Mapped "{[/testQuestion/all],methods=[GET]}" onto public java.lang.Iterable<com.tau.commstudy.entities.TestQuestion> com.tau.commstudy.controllers.TestQuestionController.getAll()
2017-01-08 23:54:23.695  INFO 14144 --- [main] s.w.s.m.m.a.RequestMappingHandlerMapping : Mapped "{[/testQuestion/save],methods=[POST]}" onto public java.lang.String com.tau.commstudy.controllers.TestQuestionController.saveByPost(com.tau.commstudy.entities.TestQuestion)
2017-01-08 23:54:23.696 DEBUG 14144 --- [main] s.w.s.m.m.a.RequestMappingHandlerMapping : 4 request handler methods found on class com.tau.commstudy.controllers.UniversityController: {public com.tau.commstudy.entities.University com.tau.commstudy.controllers.UniversityController.add(com.tau.commstudy.entities.University) throws java.lang.Exception={[/university/add],methods=[POST]}, public com.tau.commstudy.entities.University com.tau.commstudy.controllers.UniversityController.get(java.lang.Long) throws java.lang.Exception={[/university/{id}],methods=[GET]}, public boolean com.tau.commstudy.controllers.UniversityController.delete(java.lang.Long) throws java.lang.Exception={[/university/{id}],methods=[DELETE]}, public boolean com.tau.commstudy.controllers.UniversityController.addFaculty(java.lang.Long,java.lang.Long) throws java.lang.Exception={[/university/addFaculty],methods=[GET]}}
2017-01-08 23:54:23.696  INFO 14144 --- [main] s.w.s.m.m.a.RequestMappingHandlerMapping : Mapped "{[/university/add],methods=[POST]}" onto public com.tau.commstudy.entities.University com.tau.commstudy.controllers.UniversityController.add(com.tau.commstudy.entities.University) throws java.lang.Exception
2017-01-08 23:54:23.696  INFO 14144 --- [main] s.w.s.m.m.a.RequestMappingHandlerMapping : Mapped "{[/university/{id}],methods=[GET]}" onto public com.tau.commstudy.entities.University com.tau.commstudy.controllers.UniversityController.get(java.lang.Long) throws java.lang.Exception
2017-01-08 23:54:23.697  INFO 14144 --- [main] s.w.s.m.m.a.RequestMappingHandlerMapping : Mapped "{[/university/{id}],methods=[DELETE]}" onto public boolean com.tau.commstudy.controllers.UniversityController.delete(java.lang.Long) throws java.lang.Exception
2017-01-08 23:54:23.697  INFO 14144 --- [main] s.w.s.m.m.a.RequestMappingHandlerMapping : Mapped "{[/university/addFaculty],methods=[GET]}" onto public boolean com.tau.commstudy.controllers.UniversityController.addFaculty(java.lang.Long,java.lang.Long) throws java.lang.Exception
2017-01-08 23:54:23.698 DEBUG 14144 --- [main] s.w.s.m.m.a.RequestMappingHandlerMapping : 2 request handler methods found on class com.tau.commstudy.controllers.UserController: {public com.tau.commstudy.entities.User com.tau.commstudy.controllers.UserController.getOrCreateUser(java.lang.String) throws java.lang.Exception={[/user/getOrCreate],methods=[GET]}, public java.lang.Boolean com.tau.commstudy.controllers.UserController.updateUserCourses(java.util.Set,java.lang.String)={[/user/updateCourses],methods=[POST]}}
2017-01-08 23:54:23.698  INFO 14144 --- [main] s.w.s.m.m.a.RequestMappingHandlerMapping : Mapped "{[/user/getOrCreate],methods=[GET]}" onto public com.tau.commstudy.entities.User com.tau.commstudy.controllers.UserController.getOrCreateUser(java.lang.String) throws java.lang.Exception
2017-01-08 23:54:23.698  INFO 14144 --- [main] s.w.s.m.m.a.RequestMappingHandlerMapping : Mapped "{[/user/updateCourses],methods=[POST]}" onto public java.lang.Boolean com.tau.commstudy.controllers.UserController.updateUserCourses(java.util.Set<java.lang.Long>,java.lang.String)
2017-01-08 23:54:23.698 DEBUG 14144 --- [main] s.w.s.m.m.a.RequestMappingHandlerMapping : 1 request handler methods found on class com.tau.commstudy.scripts.ScriptTauController: {public void com.tau.commstudy.scripts.ScriptTauController.dataBase(java.lang.String,java.lang.Long) throws java.lang.Exception={[/scriptTau/run],methods=[GET]}}
2017-01-08 23:54:23.698  INFO 14144 --- [main] s.w.s.m.m.a.RequestMappingHandlerMapping : Mapped "{[/scriptTau/run],methods=[GET]}" onto public void com.tau.commstudy.scripts.ScriptTauController.dataBase(java.lang.String,java.lang.Long) throws java.lang.Exception
2017-01-08 23:54:23.701 DEBUG 14144 --- [main] s.w.s.m.m.a.RequestMappingHandlerMapping : 2 request handler methods found on class org.springframework.boot.autoconfigure.web.BasicErrorController: {public org.springframework.http.ResponseEntity org.springframework.boot.autoconfigure.web.BasicErrorController.error(javax.servlet.http.HttpServletRequest)={[/error]}, public org.springframework.web.servlet.ModelAndView org.springframework.boot.autoconfigure.web.BasicErrorController.errorHtml(javax.servlet.http.HttpServletRequest,javax.servlet.http.HttpServletResponse)={[/error],produces=[text/html]}}
2017-01-08 23:54:23.702  INFO 14144 --- [main] s.w.s.m.m.a.RequestMappingHandlerMapping : Mapped "{[/error]}" onto public org.springframework.http.ResponseEntity<java.util.Map<java.lang.String, java.lang.Object>> org.springframework.boot.autoconfigure.web.BasicErrorController.error(javax.servlet.http.HttpServletRequest)
2017-01-08 23:54:23.702  INFO 14144 --- [main] s.w.s.m.m.a.RequestMappingHandlerMapping : Mapped "{[/error],produces=[text/html]}" onto public org.springframework.web.servlet.ModelAndView org.springframework.boot.autoconfigure.web.BasicErrorController.errorHtml(javax.servlet.http.HttpServletRequest,javax.servlet.http.HttpServletResponse)
2017-01-08 23:54:23.721 DEBUG 14144 --- [main] o.s.w.s.h.BeanNameUrlHandlerMapping      : Looking for URL mappings in application context: org.springframework.boot.context.embedded.AnnotationConfigEmbeddedWebApplicationContext@329302: startup date [Sun Jan 08 23:54:18 IST 2017]; root of context hierarchy
2017-01-08 23:54:23.722 DEBUG 14144 --- [main] o.s.w.s.h.BeanNameUrlHandlerMapping      : Rejected bean name 'org.springframework.context.annotation.internalConfigurationAnnotationProcessor': no URL paths identified
2017-01-08 23:54:23.722 DEBUG 14144 --- [main] o.s.w.s.h.BeanNameUrlHandlerMapping      : Rejected bean name 'org.springframework.context.annotation.internalAutowiredAnnotationProcessor': no URL paths identified
2017-01-08 23:54:23.722 DEBUG 14144 --- [main] o.s.w.s.h.BeanNameUrlHandlerMapping      : Rejected bean name 'org.springframework.context.annotation.internalRequiredAnnotationProcessor': no URL paths identified
2017-01-08 23:54:23.722 DEBUG 14144 --- [main] o.s.w.s.h.BeanNameUrlHandlerMapping      : Rejected bean name 'org.springframework.context.annotation.internalCommonAnnotationProcessor': no URL paths identified
2017-01-08 23:54:23.722 DEBUG 14144 --- [main] o.s.w.s.h.BeanNameUrlHandlerMapping      : Rejected bean name 'org.springframework.context.annotation.internalPersistenceAnnotationProcessor': no URL paths identified
2017-01-08 23:54:23.722 DEBUG 14144 --- [main] o.s.w.s.h.BeanNameUrlHandlerMapping      : Rejected bean name 'org.springframework.context.event.internalEventListenerProcessor': no URL paths identified
2017-01-08 23:54:23.722 DEBUG 14144 --- [main] o.s.w.s.h.BeanNameUrlHandlerMapping      : Rejected bean name 'org.springframework.context.event.internalEventListenerFactory': no URL paths identified
2017-01-08 23:54:23.722 DEBUG 14144 --- [main] o.s.w.s.h.BeanNameUrlHandlerMapping      : Rejected bean name 'application': no URL paths identified
2017-01-08 23:54:23.722 DEBUG 14144 --- [main] o.s.w.s.h.BeanNameUrlHandlerMapping      : Rejected bean name 'org.springframework.context.annotation.ConfigurationClassPostProcessor.importAwareProcessor': no URL paths identified
2017-01-08 23:54:23.722 DEBUG 14144 --- [main] o.s.w.s.h.BeanNameUrlHandlerMapping      : Rejected bean name 'org.springframework.context.annotation.ConfigurationClassPostProcessor.enhancedConfigurationProcessor': no URL paths identified
2017-01-08 23:54:23.722 DEBUG 14144 --- [main] o.s.w.s.h.BeanNameUrlHandlerMapping      : Rejected bean name 'commentController': no URL paths identified
2017-01-08 23:54:23.723 DEBUG 14144 --- [main] o.s.w.s.h.BeanNameUrlHandlerMapping      : Rejected bean name 'courseController': no URL paths identified
2017-01-08 23:54:23.723 DEBUG 14144 --- [main] o.s.w.s.h.BeanNameUrlHandlerMapping      : Rejected bean name 'facultyController': no URL paths identified
2017-01-08 23:54:23.723 DEBUG 14144 --- [main] o.s.w.s.h.BeanNameUrlHandlerMapping      : Rejected bean name 'filesController': no URL paths identified
2017-01-08 23:54:23.723 DEBUG 14144 --- [main] o.s.w.s.h.BeanNameUrlHandlerMapping      : Rejected bean name 'postController': no URL paths identified
2017-01-08 23:54:23.723 DEBUG 14144 --- [main] o.s.w.s.h.BeanNameUrlHandlerMapping      : Rejected bean name 'tagsController': no URL paths identified
2017-01-08 23:54:23.723 DEBUG 14144 --- [main] o.s.w.s.h.BeanNameUrlHandlerMapping      : Rejected bean name 'testController': no URL paths identified
2017-01-08 23:54:23.723 DEBUG 14144 --- [main] o.s.w.s.h.BeanNameUrlHandlerMapping      : Rejected bean name 'testQuestionController': no URL paths identified
2017-01-08 23:54:23.723 DEBUG 14144 --- [main] o.s.w.s.h.BeanNameUrlHandlerMapping      : Rejected bean name 'universityController': no URL paths identified
2017-01-08 23:54:23.723 DEBUG 14144 --- [main] o.s.w.s.h.BeanNameUrlHandlerMapping      : Rejected bean name 'userController': no URL paths identified
2017-01-08 23:54:23.723 DEBUG 14144 --- [main] o.s.w.s.h.BeanNameUrlHandlerMapping      : Rejected bean name 'scriptTauController': no URL paths identified
2017-01-08 23:54:23.723 DEBUG 14144 --- [main] o.s.w.s.h.BeanNameUrlHandlerMapping      : Rejected bean name 'scriptTauService': no URL paths identified
2017-01-08 23:54:23.724 DEBUG 14144 --- [main] o.s.w.s.h.BeanNameUrlHandlerMapping      : Rejected bean name 'commentService': no URL paths identified
2017-01-08 23:54:23.724 DEBUG 14144 --- [main] o.s.w.s.h.BeanNameUrlHandlerMapping      : Rejected bean name 'courseService': no URL paths identified
2017-01-08 23:54:23.724 DEBUG 14144 --- [main] o.s.w.s.h.BeanNameUrlHandlerMapping      : Rejected bean name 'emailService': no URL paths identified
2017-01-08 23:54:23.724 DEBUG 14144 --- [main] o.s.w.s.h.BeanNameUrlHandlerMapping      : Rejected bean name 'facultyService': no URL paths identified
2017-01-08 23:54:23.724 DEBUG 14144 --- [main] o.s.w.s.h.BeanNameUrlHandlerMapping      : Rejected bean name 'postService': no URL paths identified
2017-01-08 23:54:23.724 DEBUG 14144 --- [main] o.s.w.s.h.BeanNameUrlHandlerMapping      : Rejected bean name 'tagsService': no URL paths identified
2017-01-08 23:54:23.724 DEBUG 14144 --- [main] o.s.w.s.h.BeanNameUrlHandlerMapping      : Rejected bean name 'testQuestionService': no URL paths identified
2017-01-08 23:54:23.724 DEBUG 14144 --- [main] o.s.w.s.h.BeanNameUrlHandlerMapping      : Rejected bean name 'testService': no URL paths identified
2017-01-08 23:54:23.724 DEBUG 14144 --- [main] o.s.w.s.h.BeanNameUrlHandlerMapping      : Rejected bean name 'universityService': no URL paths identified
2017-01-08 23:54:23.724 DEBUG 14144 --- [main] o.s.w.s.h.BeanNameUrlHandlerMapping      : Rejected bean name 'userService': no URL paths identified
2017-01-08 23:54:23.724 DEBUG 14144 --- [main] o.s.w.s.h.BeanNameUrlHandlerMapping      : Rejected bean name 'org.springframework.boot.autoconfigure.AutoConfigurationPackages': no URL paths identified
2017-01-08 23:54:23.724 DEBUG 14144 --- [main] o.s.w.s.h.BeanNameUrlHandlerMapping      : Rejected bean name 'org.springframework.boot.autoconfigure.PropertyPlaceholderAutoConfiguration': no URL paths identified
2017-01-08 23:54:23.724 DEBUG 14144 --- [main] o.s.w.s.h.BeanNameUrlHandlerMapping      : Rejected bean name 'org.springframework.boot.autoconfigure.condition.BeanTypeRegistry': no URL paths identified
2017-01-08 23:54:23.724 DEBUG 14144 --- [main] o.s.w.s.h.BeanNameUrlHandlerMapping      : Rejected bean name 'propertySourcesPlaceholderConfigurer': no URL paths identified
2017-01-08 23:54:23.725 DEBUG 14144 --- [main] o.s.w.s.h.BeanNameUrlHandlerMapping      : Rejected bean name 'org.springframework.boot.autoconfigure.websocket.WebSocketAutoConfiguration$TomcatWebSocketConfiguration': no URL paths identified
2017-01-08 23:54:23.725 DEBUG 14144 --- [main] o.s.w.s.h.BeanNameUrlHandlerMapping      : Rejected bean name 'websocketContainerCustomizer': no URL paths identified
2017-01-08 23:54:23.725 DEBUG 14144 --- [main] o.s.w.s.h.BeanNameUrlHandlerMapping      : Rejected bean name 'org.springframework.boot.autoconfigure.websocket.WebSocketAutoConfiguration': no URL paths identified
2017-01-08 23:54:23.725 DEBUG 14144 --- [main] o.s.w.s.h.BeanNameUrlHandlerMapping      : Rejected bean name 'org.springframework.boot.autoconfigure.web.EmbeddedServletContainerAutoConfiguration$EmbeddedTomcat': no URL paths identified
2017-01-08 23:54:23.725 DEBUG 14144 --- [main] o.s.w.s.h.BeanNameUrlHandlerMapping      : Rejected bean name 'tomcatEmbeddedServletContainerFactory': no URL paths identified
2017-01-08 23:54:23.725 DEBUG 14144 --- [main] o.s.w.s.h.BeanNameUrlHandlerMapping      : Rejected bean name 'org.springframework.boot.autoconfigure.web.EmbeddedServletContainerAutoConfiguration': no URL paths identified
2017-01-08 23:54:23.725 DEBUG 14144 --- [main] o.s.w.s.h.BeanNameUrlHandlerMapping      : Rejected bean name 'embeddedServletContainerCustomizerBeanPostProcessor': no URL paths identified
2017-01-08 23:54:23.725 DEBUG 14144 --- [main] o.s.w.s.h.BeanNameUrlHandlerMapping      : Rejected bean name 'org.springframework.boot.autoconfigure.web.DispatcherServletAutoConfiguration$DispatcherServletConfiguration': no URL paths identified
2017-01-08 23:54:23.725 DEBUG 14144 --- [main] o.s.w.s.h.BeanNameUrlHandlerMapping      : Rejected bean name 'dispatcherServlet': no URL paths identified
2017-01-08 23:54:23.725 DEBUG 14144 --- [main] o.s.w.s.h.BeanNameUrlHandlerMapping      : Rejected bean name 'dispatcherServletRegistration': no URL paths identified
2017-01-08 23:54:23.725 DEBUG 14144 --- [main] o.s.w.s.h.BeanNameUrlHandlerMapping      : Rejected bean name 'spring.mvc.CONFIGURATION_PROPERTIES': no URL paths identified
2017-01-08 23:54:23.725 DEBUG 14144 --- [main] o.s.w.s.h.BeanNameUrlHandlerMapping      : Rejected bean name 'org.springframework.boot.context.properties.ConfigurationPropertiesBindingPostProcessor': no URL paths identified
2017-01-08 23:54:23.725 DEBUG 14144 --- [main] o.s.w.s.h.BeanNameUrlHandlerMapping      : Rejected bean name 'org.springframework.boot.context.properties.ConfigurationPropertiesBindingPostProcessor.store': no URL paths identified
2017-01-08 23:54:23.726 DEBUG 14144 --- [main] o.s.w.s.h.BeanNameUrlHandlerMapping      : Rejected bean name 'org.springframework.boot.autoconfigure.web.DispatcherServletAutoConfiguration': no URL paths identified
2017-01-08 23:54:23.726 DEBUG 14144 --- [main] o.s.w.s.h.BeanNameUrlHandlerMapping      : Rejected bean name 'org.springframework.boot.autoconfigure.web.ErrorMvcAutoConfiguration$WhitelabelErrorViewConfiguration': no URL paths identified
2017-01-08 23:54:23.726 DEBUG 14144 --- [main] o.s.w.s.h.BeanNameUrlHandlerMapping      : Rejected bean name 'error': no URL paths identified
2017-01-08 23:54:23.726 DEBUG 14144 --- [main] o.s.w.s.h.BeanNameUrlHandlerMapping      : Rejected bean name 'beanNameViewResolver': no URL paths identified
2017-01-08 23:54:23.726 DEBUG 14144 --- [main] o.s.w.s.h.BeanNameUrlHandlerMapping      : Rejected bean name 'org.springframework.boot.autoconfigure.web.ErrorMvcAutoConfiguration': no URL paths identified
2017-01-08 23:54:23.726 DEBUG 14144 --- [main] o.s.w.s.h.BeanNameUrlHandlerMapping      : Rejected bean name 'errorAttributes': no URL paths identified
2017-01-08 23:54:23.726 DEBUG 14144 --- [main] o.s.w.s.h.BeanNameUrlHandlerMapping      : Rejected bean name 'basicErrorController': no URL paths identified
2017-01-08 23:54:23.726 DEBUG 14144 --- [main] o.s.w.s.h.BeanNameUrlHandlerMapping      : Rejected bean name 'errorPageCustomizer': no URL paths identified
2017-01-08 23:54:23.726 DEBUG 14144 --- [main] o.s.w.s.h.BeanNameUrlHandlerMapping      : Rejected bean name 'preserveErrorControllerTargetClassPostProcessor': no URL paths identified
2017-01-08 23:54:23.726 DEBUG 14144 --- [main] o.s.w.s.h.BeanNameUrlHandlerMapping      : Rejected bean name 'org.springframework.boot.autoconfigure.web.WebMvcAutoConfiguration$EnableWebMvcConfiguration': no URL paths identified
2017-01-08 23:54:23.726 DEBUG 14144 --- [main] o.s.w.s.h.BeanNameUrlHandlerMapping      : Rejected bean name 'requestMappingHandlerAdapter': no URL paths identified
2017-01-08 23:54:23.726 DEBUG 14144 --- [main] o.s.w.s.h.BeanNameUrlHandlerMapping      : Rejected bean name 'requestMappingHandlerMapping': no URL paths identified
2017-01-08 23:54:23.726 DEBUG 14144 --- [main] o.s.w.s.h.BeanNameUrlHandlerMapping      : Rejected bean name 'mvcContentNegotiationManager': no URL paths identified
2017-01-08 23:54:23.726 DEBUG 14144 --- [main] o.s.w.s.h.BeanNameUrlHandlerMapping      : Rejected bean name 'viewControllerHandlerMapping': no URL paths identified
2017-01-08 23:54:23.727 DEBUG 14144 --- [main] o.s.w.s.h.BeanNameUrlHandlerMapping      : Rejected bean name 'beanNameHandlerMapping': no URL paths identified
2017-01-08 23:54:23.727 DEBUG 14144 --- [main] o.s.w.s.h.BeanNameUrlHandlerMapping      : Rejected bean name 'resourceHandlerMapping': no URL paths identified
2017-01-08 23:54:23.727 DEBUG 14144 --- [main] o.s.w.s.h.BeanNameUrlHandlerMapping      : Rejected bean name 'mvcResourceUrlProvider': no URL paths identified
2017-01-08 23:54:23.727 DEBUG 14144 --- [main] o.s.w.s.h.BeanNameUrlHandlerMapping      : Rejected bean name 'defaultServletHandlerMapping': no URL paths identified
2017-01-08 23:54:23.727 DEBUG 14144 --- [main] o.s.w.s.h.BeanNameUrlHandlerMapping      : Rejected bean name 'mvcConversionService': no URL paths identified
2017-01-08 23:54:23.727 DEBUG 14144 --- [main] o.s.w.s.h.BeanNameUrlHandlerMapping      : Rejected bean name 'mvcValidator': no URL paths identified
2017-01-08 23:54:23.727 DEBUG 14144 --- [main] o.s.w.s.h.BeanNameUrlHandlerMapping      : Rejected bean name 'mvcPathMatcher': no URL paths identified
2017-01-08 23:54:23.727 DEBUG 14144 --- [main] o.s.w.s.h.BeanNameUrlHandlerMapping      : Rejected bean name 'mvcUrlPathHelper': no URL paths identified
2017-01-08 23:54:23.727 DEBUG 14144 --- [main] o.s.w.s.h.BeanNameUrlHandlerMapping      : Rejected bean name 'mvcUriComponentsContributor': no URL paths identified
2017-01-08 23:54:23.727 DEBUG 14144 --- [main] o.s.w.s.h.BeanNameUrlHandlerMapping      : Rejected bean name 'httpRequestHandlerAdapter': no URL paths identified
2017-01-08 23:54:23.727 DEBUG 14144 --- [main] o.s.w.s.h.BeanNameUrlHandlerMapping      : Rejected bean name 'simpleControllerHandlerAdapter': no URL paths identified
2017-01-08 23:54:23.727 DEBUG 14144 --- [main] o.s.w.s.h.BeanNameUrlHandlerMapping      : Rejected bean name 'handlerExceptionResolver': no URL paths identified
2017-01-08 23:54:23.727 DEBUG 14144 --- [main] o.s.w.s.h.BeanNameUrlHandlerMapping      : Rejected bean name 'mvcViewResolver': no URL paths identified
2017-01-08 23:54:23.727 DEBUG 14144 --- [main] o.s.w.s.h.BeanNameUrlHandlerMapping      : Rejected bean name 'org.springframework.boot.autoconfigure.web.WebMvcAutoConfiguration$WebMvcAutoConfigurationAdapter$FaviconConfiguration': no URL paths identified
2017-01-08 23:54:23.728 DEBUG 14144 --- [main] o.s.w.s.h.BeanNameUrlHandlerMapping      : Rejected bean name 'faviconHandlerMapping': no URL paths identified
2017-01-08 23:54:23.728 DEBUG 14144 --- [main] o.s.w.s.h.BeanNameUrlHandlerMapping      : Rejected bean name 'faviconRequestHandler': no URL paths identified
2017-01-08 23:54:23.728 DEBUG 14144 --- [main] o.s.w.s.h.BeanNameUrlHandlerMapping      : Rejected bean name 'org.springframework.boot.autoconfigure.web.WebMvcAutoConfiguration$WebMvcAutoConfigurationAdapter': no URL paths identified
2017-01-08 23:54:23.728 DEBUG 14144 --- [main] o.s.w.s.h.BeanNameUrlHandlerMapping      : Rejected bean name 'defaultViewResolver': no URL paths identified
2017-01-08 23:54:23.728 DEBUG 14144 --- [main] o.s.w.s.h.BeanNameUrlHandlerMapping      : Rejected bean name 'requestContextFilter': no URL paths identified
2017-01-08 23:54:23.728 DEBUG 14144 --- [main] o.s.w.s.h.BeanNameUrlHandlerMapping      : Rejected bean name 'viewResolver': no URL paths identified
2017-01-08 23:54:23.728 DEBUG 14144 --- [main] o.s.w.s.h.BeanNameUrlHandlerMapping      : Rejected bean name 'spring.resources.CONFIGURATION_PROPERTIES': no URL paths identified
2017-01-08 23:54:23.728 DEBUG 14144 --- [main] o.s.w.s.h.BeanNameUrlHandlerMapping      : Rejected bean name 'org.springframework.boot.autoconfigure.web.WebMvcAutoConfiguration': no URL paths identified
2017-01-08 23:54:23.728 DEBUG 14144 --- [main] o.s.w.s.h.BeanNameUrlHandlerMapping      : Rejected bean name 'hiddenHttpMethodFilter': no URL paths identified
2017-01-08 23:54:23.728 DEBUG 14144 --- [main] o.s.w.s.h.BeanNameUrlHandlerMapping      : Rejected bean name 'httpPutFormContentFilter': no URL paths identified
2017-01-08 23:54:23.728 DEBUG 14144 --- [main] o.s.w.s.h.BeanNameUrlHandlerMapping      : Rejected bean name 'org.springframework.boot.autoconfigure.jmx.JmxAutoConfiguration': no URL paths identified
2017-01-08 23:54:23.728 DEBUG 14144 --- [main] o.s.w.s.h.BeanNameUrlHandlerMapping      : Rejected bean name 'mbeanExporter': no URL paths identified
2017-01-08 23:54:23.728 DEBUG 14144 --- [main] o.s.w.s.h.BeanNameUrlHandlerMapping      : Rejected bean name 'objectNamingStrategy': no URL paths identified
2017-01-08 23:54:23.728 DEBUG 14144 --- [main] o.s.w.s.h.BeanNameUrlHandlerMapping      : Rejected bean name 'mbeanServer': no URL paths identified
2017-01-08 23:54:23.729 DEBUG 14144 --- [main] o.s.w.s.h.BeanNameUrlHandlerMapping      : Rejected bean name 'org.springframework.boot.autoconfigure.aop.AopAutoConfiguration$JdkDynamicAutoProxyConfiguration': no URL paths identified
2017-01-08 23:54:23.729 DEBUG 14144 --- [main] o.s.w.s.h.BeanNameUrlHandlerMapping      : Rejected bean name 'org.springframework.aop.config.internalAutoProxyCreator': no URL paths identified
2017-01-08 23:54:23.729 DEBUG 14144 --- [main] o.s.w.s.h.BeanNameUrlHandlerMapping      : Rejected bean name 'org.springframework.boot.autoconfigure.aop.AopAutoConfiguration': no URL paths identified
2017-01-08 23:54:23.729 DEBUG 14144 --- [main] o.s.w.s.h.BeanNameUrlHandlerMapping      : Rejected bean name 'org.springframework.boot.autoconfigure.transaction.jta.JtaAutoConfiguration': no URL paths identified
2017-01-08 23:54:23.729 DEBUG 14144 --- [main] o.s.w.s.h.BeanNameUrlHandlerMapping      : Rejected bean name 'spring.jta.CONFIGURATION_PROPERTIES': no URL paths identified
2017-01-08 23:54:23.729 DEBUG 14144 --- [main] o.s.w.s.h.BeanNameUrlHandlerMapping      : Rejected bean name 'org.springframework.boot.autoconfigure.jdbc.DataSourceAutoConfiguration$JdbcTemplateConfiguration': no URL paths identified
2017-01-08 23:54:23.729 DEBUG 14144 --- [main] o.s.w.s.h.BeanNameUrlHandlerMapping      : Rejected bean name 'jdbcTemplate': no URL paths identified
2017-01-08 23:54:23.729 DEBUG 14144 --- [main] o.s.w.s.h.BeanNameUrlHandlerMapping      : Rejected bean name 'namedParameterJdbcTemplate': no URL paths identified
2017-01-08 23:54:23.729 DEBUG 14144 --- [main] o.s.w.s.h.BeanNameUrlHandlerMapping      : Rejected bean name 'org.springframework.boot.autoconfigure.jdbc.DataSourceAutoConfiguration$NonEmbeddedConfiguration': no URL paths identified
2017-01-08 23:54:23.729 DEBUG 14144 --- [main] o.s.w.s.h.BeanNameUrlHandlerMapping      : Rejected bean name 'dataSource': no URL paths identified
2017-01-08 23:54:23.729 DEBUG 14144 --- [main] o.s.w.s.h.BeanNameUrlHandlerMapping      : Rejected bean name 'org.springframework.boot.autoconfigure.jdbc.DataSourceAutoConfiguration$DataSourceInitializerConfiguration': no URL paths identified
2017-01-08 23:54:23.729 DEBUG 14144 --- [main] o.s.w.s.h.BeanNameUrlHandlerMapping      : Rejected bean name 'dataSourceInitializer': no URL paths identified
2017-01-08 23:54:23.729 DEBUG 14144 --- [main] o.s.w.s.h.BeanNameUrlHandlerMapping      : Rejected bean name 'org.springframework.boot.autoconfigure.jdbc.metadata.DataSourcePoolMetadataProvidersConfiguration$TomcatDataSourcePoolMetadataProviderConfiguration': no URL paths identified
2017-01-08 23:54:23.730 DEBUG 14144 --- [main] o.s.w.s.h.BeanNameUrlHandlerMapping      : Rejected bean name 'tomcatPoolDataSourceMetadataProvider': no URL paths identified
2017-01-08 23:54:23.730 DEBUG 14144 --- [main] o.s.w.s.h.BeanNameUrlHandlerMapping      : Rejected bean name 'org.springframework.boot.autoconfigure.jdbc.metadata.DataSourcePoolMetadataProvidersConfiguration': no URL paths identified
2017-01-08 23:54:23.730 DEBUG 14144 --- [main] o.s.w.s.h.BeanNameUrlHandlerMapping      : Rejected bean name 'org.springframework.boot.autoconfigure.jdbc.DataSourceAutoConfiguration': no URL paths identified
2017-01-08 23:54:23.730 DEBUG 14144 --- [main] o.s.w.s.h.BeanNameUrlHandlerMapping      : Rejected bean name 'spring.datasource.CONFIGURATION_PROPERTIES': no URL paths identified
2017-01-08 23:54:23.730 DEBUG 14144 --- [main] o.s.w.s.h.BeanNameUrlHandlerMapping      : Rejected bean name 'dataSourceInitializerPostProcessor': no URL paths identified
2017-01-08 23:54:23.730 DEBUG 14144 --- [main] o.s.w.s.h.BeanNameUrlHandlerMapping      : Rejected bean name 'org.springframework.boot.autoconfigure.orm.jpa.JpaBaseConfiguration$JpaWebConfiguration$JpaWebMvcConfiguration': no URL paths identified
2017-01-08 23:54:23.730 DEBUG 14144 --- [main] o.s.w.s.h.BeanNameUrlHandlerMapping      : Rejected bean name 'openEntityManagerInViewInterceptor': no URL paths identified
2017-01-08 23:54:23.730 DEBUG 14144 --- [main] o.s.w.s.h.BeanNameUrlHandlerMapping      : Rejected bean name 'org.springframework.boot.autoconfigure.orm.jpa.JpaBaseConfiguration$JpaWebConfiguration': no URL paths identified
2017-01-08 23:54:23.730 DEBUG 14144 --- [main] o.s.w.s.h.BeanNameUrlHandlerMapping      : Rejected bean name 'org.springframework.boot.autoconfigure.orm.jpa.HibernateJpaAutoConfiguration': no URL paths identified
2017-01-08 23:54:23.730 DEBUG 14144 --- [main] o.s.w.s.h.BeanNameUrlHandlerMapping      : Rejected bean name 'transactionManager': no URL paths identified
2017-01-08 23:54:23.730 DEBUG 14144 --- [main] o.s.w.s.h.BeanNameUrlHandlerMapping      : Rejected bean name 'jpaVendorAdapter': no URL paths identified
2017-01-08 23:54:23.730 DEBUG 14144 --- [main] o.s.w.s.h.BeanNameUrlHandlerMapping      : Rejected bean name 'entityManagerFactoryBuilder': no URL paths identified
2017-01-08 23:54:23.731 DEBUG 14144 --- [main] o.s.w.s.h.BeanNameUrlHandlerMapping      : Rejected bean name 'entityManagerFactory': no URL paths identified
2017-01-08 23:54:23.731 DEBUG 14144 --- [main] o.s.w.s.h.BeanNameUrlHandlerMapping      : Rejected bean name 'spring.jpa.CONFIGURATION_PROPERTIES': no URL paths identified
2017-01-08 23:54:23.731 DEBUG 14144 --- [main] o.s.w.s.h.BeanNameUrlHandlerMapping      : Rejected bean name 'dataSourceInitializedPublisher': no URL paths identified
2017-01-08 23:54:23.731 DEBUG 14144 --- [main] o.s.w.s.h.BeanNameUrlHandlerMapping      : Rejected bean name 'org.springframework.boot.autoconfigure.context.ConfigurationPropertiesAutoConfiguration': no URL paths identified
2017-01-08 23:54:23.731 DEBUG 14144 --- [main] o.s.w.s.h.BeanNameUrlHandlerMapping      : Rejected bean name 'org.springframework.boot.autoconfigure.dao.PersistenceExceptionTranslationAutoConfiguration': no URL paths identified
2017-01-08 23:54:23.731 DEBUG 14144 --- [main] o.s.w.s.h.BeanNameUrlHandlerMapping      : Rejected bean name 'persistenceExceptionTranslationPostProcessor': no URL paths identified
2017-01-08 23:54:23.731 DEBUG 14144 --- [main] o.s.w.s.h.BeanNameUrlHandlerMapping      : Rejected bean name 'org.springframework.boot.autoconfigure.data.jpa.JpaRepositoriesAutoConfiguration': no URL paths identified
2017-01-08 23:54:23.731 DEBUG 14144 --- [main] o.s.w.s.h.BeanNameUrlHandlerMapping      : Rejected bean name 'org.springframework.data.repository.core.support.RepositoryInterfaceAwareBeanPostProcessor': no URL paths identified
2017-01-08 23:54:23.731 DEBUG 14144 --- [main] o.s.w.s.h.BeanNameUrlHandlerMapping      : Rejected bean name 'emBeanDefinitionRegistrarPostProcessor': no URL paths identified
2017-01-08 23:54:23.731 DEBUG 14144 --- [main] o.s.w.s.h.BeanNameUrlHandlerMapping      : Rejected bean name 'jpaMappingContext': no URL paths identified
2017-01-08 23:54:23.731 DEBUG 14144 --- [main] o.s.w.s.h.BeanNameUrlHandlerMapping      : Rejected bean name 'jpaContext': no URL paths identified
2017-01-08 23:54:23.731 DEBUG 14144 --- [main] o.s.w.s.h.BeanNameUrlHandlerMapping      : Rejected bean name 'facultyDao': no URL paths identified
2017-01-08 23:54:23.731 DEBUG 14144 --- [main] o.s.w.s.h.BeanNameUrlHandlerMapping      : Rejected bean name 'universityDao': no URL paths identified
2017-01-08 23:54:23.731 DEBUG 14144 --- [main] o.s.w.s.h.BeanNameUrlHandlerMapping      : Rejected bean name 'userDao': no URL paths identified
2017-01-08 23:54:23.731 DEBUG 14144 --- [main] o.s.w.s.h.BeanNameUrlHandlerMapping      : Rejected bean name 'testQuestionDao': no URL paths identified
2017-01-08 23:54:23.731 DEBUG 14144 --- [main] o.s.w.s.h.BeanNameUrlHandlerMapping      : Rejected bean name 'commentDao': no URL paths identified
2017-01-08 23:54:23.732 DEBUG 14144 --- [main] o.s.w.s.h.BeanNameUrlHandlerMapping      : Rejected bean name 'testDao': no URL paths identified
2017-01-08 23:54:23.732 DEBUG 14144 --- [main] o.s.w.s.h.BeanNameUrlHandlerMapping      : Rejected bean name 'tagDao': no URL paths identified
2017-01-08 23:54:23.732 DEBUG 14144 --- [main] o.s.w.s.h.BeanNameUrlHandlerMapping      : Rejected bean name 'courseDao': no URL paths identified
2017-01-08 23:54:23.732 DEBUG 14144 --- [main] o.s.w.s.h.BeanNameUrlHandlerMapping      : Rejected bean name 'postDao': no URL paths identified
2017-01-08 23:54:23.732 DEBUG 14144 --- [main] o.s.w.s.h.BeanNameUrlHandlerMapping      : Rejected bean name 'org.springframework.boot.autoconfigure.jackson.JacksonAutoConfiguration$JacksonObjectMapperBuilderConfiguration': no URL paths identified
2017-01-08 23:54:23.732 DEBUG 14144 --- [main] o.s.w.s.h.BeanNameUrlHandlerMapping      : Rejected bean name 'jacksonObjectMapperBuilder': no URL paths identified
2017-01-08 23:54:23.732 DEBUG 14144 --- [main] o.s.w.s.h.BeanNameUrlHandlerMapping      : Rejected bean name 'spring.jackson.CONFIGURATION_PROPERTIES': no URL paths identified
2017-01-08 23:54:23.732 DEBUG 14144 --- [main] o.s.w.s.h.BeanNameUrlHandlerMapping      : Rejected bean name 'org.springframework.boot.autoconfigure.jackson.JacksonAutoConfiguration$JacksonObjectMapperConfiguration': no URL paths identified
2017-01-08 23:54:23.732 DEBUG 14144 --- [main] o.s.w.s.h.BeanNameUrlHandlerMapping      : Rejected bean name 'jacksonObjectMapper': no URL paths identified
2017-01-08 23:54:23.732 DEBUG 14144 --- [main] o.s.w.s.h.BeanNameUrlHandlerMapping      : Rejected bean name 'org.springframework.boot.autoconfigure.jackson.JacksonAutoConfiguration': no URL paths identified
2017-01-08 23:54:23.732 DEBUG 14144 --- [main] o.s.w.s.h.BeanNameUrlHandlerMapping      : Rejected bean name 'org.springframework.boot.autoconfigure.web.HttpMessageConvertersAutoConfiguration$StringHttpMessageConverterConfiguration': no URL paths identified
2017-01-08 23:54:23.732 DEBUG 14144 --- [main] o.s.w.s.h.BeanNameUrlHandlerMapping      : Rejected bean name 'stringHttpMessageConverter': no URL paths identified
2017-01-08 23:54:23.732 DEBUG 14144 --- [main] o.s.w.s.h.BeanNameUrlHandlerMapping      : Rejected bean name 'spring.http.encoding.CONFIGURATION_PROPERTIES': no URL paths identified
2017-01-08 23:54:23.732 DEBUG 14144 --- [main] o.s.w.s.h.BeanNameUrlHandlerMapping      : Rejected bean name 'org.springframework.boot.autoconfigure.web.JacksonHttpMessageConvertersConfiguration$MappingJackson2HttpMessageConverterConfiguration': no URL paths identified
2017-01-08 23:54:23.732 DEBUG 14144 --- [main] o.s.w.s.h.BeanNameUrlHandlerMapping      : Rejected bean name 'mappingJackson2HttpMessageConverter': no URL paths identified
2017-01-08 23:54:23.732 DEBUG 14144 --- [main] o.s.w.s.h.BeanNameUrlHandlerMapping      : Rejected bean name 'org.springframework.boot.autoconfigure.web.JacksonHttpMessageConvertersConfiguration': no URL paths identified
2017-01-08 23:54:23.732 DEBUG 14144 --- [main] o.s.w.s.h.BeanNameUrlHandlerMapping      : Rejected bean name 'org.springframework.boot.autoconfigure.web.HttpMessageConvertersAutoConfiguration': no URL paths identified
2017-01-08 23:54:23.733 DEBUG 14144 --- [main] o.s.w.s.h.BeanNameUrlHandlerMapping      : Rejected bean name 'messageConverters': no URL paths identified
2017-01-08 23:54:23.733 DEBUG 14144 --- [main] o.s.w.s.h.BeanNameUrlHandlerMapping      : Rejected bean name 'org.springframework.data.web.config.SpringDataWebConfiguration': no URL paths identified
2017-01-08 23:54:23.733 DEBUG 14144 --- [main] o.s.w.s.h.BeanNameUrlHandlerMapping      : Rejected bean name 'pageableResolver': no URL paths identified
2017-01-08 23:54:23.733 DEBUG 14144 --- [main] o.s.w.s.h.BeanNameUrlHandlerMapping      : Rejected bean name 'sortResolver': no URL paths identified
2017-01-08 23:54:23.733 DEBUG 14144 --- [main] o.s.w.s.h.BeanNameUrlHandlerMapping      : Rejected bean name 'org.springframework.data.web.config.SpringDataJacksonConfiguration': no URL paths identified
2017-01-08 23:54:23.733 DEBUG 14144 --- [main] o.s.w.s.h.BeanNameUrlHandlerMapping      : Rejected bean name 'jacksonGeoModule': no URL paths identified
2017-01-08 23:54:23.733 DEBUG 14144 --- [main] o.s.w.s.h.BeanNameUrlHandlerMapping      : Rejected bean name 'org.springframework.data.web.config.QuerydslWebConfiguration': no URL paths identified
2017-01-08 23:54:23.733 DEBUG 14144 --- [main] o.s.w.s.h.BeanNameUrlHandlerMapping      : Rejected bean name 'querydslPredicateArgumentResolver': no URL paths identified
2017-01-08 23:54:23.733 DEBUG 14144 --- [main] o.s.w.s.h.BeanNameUrlHandlerMapping      : Rejected bean name 'querydslBindingsFactory': no URL paths identified
2017-01-08 23:54:23.733 DEBUG 14144 --- [main] o.s.w.s.h.BeanNameUrlHandlerMapping      : Rejected bean name 'org.springframework.boot.autoconfigure.data.web.SpringDataWebAutoConfiguration': no URL paths identified
2017-01-08 23:54:23.733 DEBUG 14144 --- [main] o.s.w.s.h.BeanNameUrlHandlerMapping      : Rejected bean name 'org.springframework.transaction.annotation.ProxyTransactionManagementConfiguration': no URL paths identified
2017-01-08 23:54:23.733 DEBUG 14144 --- [main] o.s.w.s.h.BeanNameUrlHandlerMapping      : Rejected bean name 'org.springframework.transaction.config.internalTransactionAdvisor': no URL paths identified
2017-01-08 23:54:23.733 DEBUG 14144 --- [main] o.s.w.s.h.BeanNameUrlHandlerMapping      : Rejected bean name 'transactionAttributeSource': no URL paths identified
2017-01-08 23:54:23.733 DEBUG 14144 --- [main] o.s.w.s.h.BeanNameUrlHandlerMapping      : Rejected bean name 'transactionInterceptor': no URL paths identified
2017-01-08 23:54:23.733 DEBUG 14144 --- [main] o.s.w.s.h.BeanNameUrlHandlerMapping      : Rejected bean name 'org.springframework.transaction.config.internalTransactionalEventListenerFactory': no URL paths identified
2017-01-08 23:54:23.733 DEBUG 14144 --- [main] o.s.w.s.h.BeanNameUrlHandlerMapping      : Rejected bean name 'org.springframework.boot.autoconfigure.jdbc.DataSourceTransactionManagerAutoConfiguration$TransactionManagementConfiguration': no URL paths identified
2017-01-08 23:54:23.733 DEBUG 14144 --- [main] o.s.w.s.h.BeanNameUrlHandlerMapping      : Rejected bean name 'org.springframework.boot.autoconfigure.jdbc.DataSourceTransactionManagerAutoConfiguration': no URL paths identified
2017-01-08 23:54:23.733 DEBUG 14144 --- [main] o.s.w.s.h.BeanNameUrlHandlerMapping      : Rejected bean name 'org.springframework.boot.autoconfigure.session.SessionAutoConfiguration': no URL paths identified
2017-01-08 23:54:23.733 DEBUG 14144 --- [main] o.s.w.s.h.BeanNameUrlHandlerMapping      : Rejected bean name 'org.springframework.boot.autoconfigure.transaction.TransactionAutoConfiguration': no URL paths identified
2017-01-08 23:54:23.733 DEBUG 14144 --- [main] o.s.w.s.h.BeanNameUrlHandlerMapping      : Rejected bean name 'transactionTemplate': no URL paths identified
2017-01-08 23:54:23.733 DEBUG 14144 --- [main] o.s.w.s.h.BeanNameUrlHandlerMapping      : Rejected bean name 'org.springframework.boot.autoconfigure.web.HttpEncodingAutoConfiguration': no URL paths identified
2017-01-08 23:54:23.734 DEBUG 14144 --- [main] o.s.w.s.h.BeanNameUrlHandlerMapping      : Rejected bean name 'characterEncodingFilter': no URL paths identified
2017-01-08 23:54:23.734 DEBUG 14144 --- [main] o.s.w.s.h.BeanNameUrlHandlerMapping      : Rejected bean name 'org.springframework.boot.autoconfigure.web.MultipartAutoConfiguration': no URL paths identified
2017-01-08 23:54:23.734 DEBUG 14144 --- [main] o.s.w.s.h.BeanNameUrlHandlerMapping      : Rejected bean name 'multipartConfigElement': no URL paths identified
2017-01-08 23:54:23.734 DEBUG 14144 --- [main] o.s.w.s.h.BeanNameUrlHandlerMapping      : Rejected bean name 'multipartResolver': no URL paths identified
2017-01-08 23:54:23.734 DEBUG 14144 --- [main] o.s.w.s.h.BeanNameUrlHandlerMapping      : Rejected bean name 'multipart.CONFIGURATION_PROPERTIES': no URL paths identified
2017-01-08 23:54:23.734 DEBUG 14144 --- [main] o.s.w.s.h.BeanNameUrlHandlerMapping      : Rejected bean name 'org.springframework.boot.autoconfigure.web.ServerPropertiesAutoConfiguration': no URL paths identified
2017-01-08 23:54:23.734 DEBUG 14144 --- [main] o.s.w.s.h.BeanNameUrlHandlerMapping      : Rejected bean name 'serverProperties': no URL paths identified
2017-01-08 23:54:23.734 DEBUG 14144 --- [main] o.s.w.s.h.BeanNameUrlHandlerMapping      : Rejected bean name 'duplicateServerPropertiesDetector': no URL paths identified
2017-01-08 23:54:23.734 DEBUG 14144 --- [main] o.s.w.s.h.BeanNameUrlHandlerMapping      : Rejected bean name 'org.springframework.orm.jpa.SharedEntityManagerCreator#0': no URL paths identified
2017-01-08 23:54:23.734 DEBUG 14144 --- [main] o.s.w.s.h.BeanNameUrlHandlerMapping      : Rejected bean name 'autoConfigurationReport': no URL paths identified
2017-01-08 23:54:23.734 DEBUG 14144 --- [main] o.s.w.s.h.BeanNameUrlHandlerMapping      : Rejected bean name 'applicationEventMulticaster': no URL paths identified
2017-01-08 23:54:23.734 DEBUG 14144 --- [main] o.s.w.s.h.BeanNameUrlHandlerMapping      : Rejected bean name 'springApplicationArguments': no URL paths identified
2017-01-08 23:54:23.734 DEBUG 14144 --- [main] o.s.w.s.h.BeanNameUrlHandlerMapping      : Rejected bean name 'springBootLoggingSystem': no URL paths identified
2017-01-08 23:54:23.734 DEBUG 14144 --- [main] o.s.w.s.h.BeanNameUrlHandlerMapping      : Rejected bean name 'environment': no URL paths identified
2017-01-08 23:54:23.734 DEBUG 14144 --- [main] o.s.w.s.h.BeanNameUrlHandlerMapping      : Rejected bean name 'systemProperties': no URL paths identified
2017-01-08 23:54:23.734 DEBUG 14144 --- [main] o.s.w.s.h.BeanNameUrlHandlerMapping      : Rejected bean name 'systemEnvironment': no URL paths identified
2017-01-08 23:54:23.734 DEBUG 14144 --- [main] o.s.w.s.h.BeanNameUrlHandlerMapping      : Rejected bean name 'org.springframework.context.annotation.ConfigurationClassPostProcessor.importRegistry': no URL paths identified
2017-01-08 23:54:23.734 DEBUG 14144 --- [main] o.s.w.s.h.BeanNameUrlHandlerMapping      : Rejected bean name 'messageSource': no URL paths identified
2017-01-08 23:54:23.734 DEBUG 14144 --- [main] o.s.w.s.h.BeanNameUrlHandlerMapping      : Rejected bean name 'servletContext': no URL paths identified
2017-01-08 23:54:23.734 DEBUG 14144 --- [main] o.s.w.s.h.BeanNameUrlHandlerMapping      : Rejected bean name 'contextParameters': no URL paths identified
2017-01-08 23:54:23.734 DEBUG 14144 --- [main] o.s.w.s.h.BeanNameUrlHandlerMapping      : Rejected bean name 'contextAttributes': no URL paths identified
2017-01-08 23:54:23.746  INFO 14144 --- [main] o.s.w.s.handler.SimpleUrlHandlerMapping  : Mapped URL path [/webjars/**] onto handler of type [class org.springframework.web.servlet.resource.ResourceHttpRequestHandler]
2017-01-08 23:54:23.746  INFO 14144 --- [main] o.s.w.s.handler.SimpleUrlHandlerMapping  : Mapped URL path [/**] onto handler of type [class org.springframework.web.servlet.resource.ResourceHttpRequestHandler]
2017-01-08 23:54:23.757 DEBUG 14144 --- [main] .m.m.a.ExceptionHandlerExceptionResolver : Looking for exception mappings: org.springframework.boot.context.embedded.AnnotationConfigEmbeddedWebApplicationContext@329302: startup date [Sun Jan 08 23:54:18 IST 2017]; root of context hierarchy
2017-01-08 23:54:23.776  INFO 14144 --- [main] o.s.w.s.handler.SimpleUrlHandlerMapping  : Mapped URL path [/**/favicon.ico] onto handler of type [class org.springframework.web.servlet.resource.ResourceHttpRequestHandler]
2017-01-08 23:54:23.942  INFO 14144 --- [main] o.s.j.e.a.AnnotationMBeanExporter        : Registering beans for JMX exposure on startup
2017-01-08 23:54:23.951 DEBUG 14144 --- [main] o.s.w.s.resource.ResourceUrlProvider     : Looking for resource handler mappings
2017-01-08 23:54:23.952 DEBUG 14144 --- [main] o.s.w.s.resource.ResourceUrlProvider     : Found resource handler mapping: URL pattern="/**/favicon.ico", locations=[ServletContext resource [/], class path resource [META-INF/resources/], class path resource [resources/], class path resource [static/], class path resource [public/], class path resource []], resolvers=[org.springframework.web.servlet.resource.PathResourceResolver@11252c8]
2017-01-08 23:54:23.953 DEBUG 14144 --- [main] o.s.w.s.resource.ResourceUrlProvider     : Found resource handler mapping: URL pattern="/webjars/**", locations=[class path resource [META-INF/resources/webjars/]], resolvers=[org.springframework.web.servlet.resource.PathResourceResolver@1d53ab4]
2017-01-08 23:54:23.953 DEBUG 14144 --- [main] o.s.w.s.resource.ResourceUrlProvider     : Found resource handler mapping: URL pattern="/**", locations=[ServletContext resource [/], class path resource [META-INF/resources/], class path resource [resources/], class path resource [static/], class path resource [public/]], resolvers=[org.springframework.web.servlet.resource.PathResourceResolver@1cb0bcb]
2017-01-08 23:54:24.026  INFO 14144 --- [main] s.b.c.e.t.TomcatEmbeddedServletContainer : Tomcat started on port(s): 8080 (http)
2017-01-08 23:54:24.027 DEBUG 14144 --- [main] o.s.w.c.s.StandardServletEnvironment     : Adding [server.ports] PropertySource with highest search precedence
2017-01-08 23:54:24.030  INFO 14144 --- [main] com.tau.commstudy.Application            : Started Application in 5.68 seconds (JVM running for 5.968)
